[2026-01-02 19:18:48] [INFO] [Build] [INFO] Test build message
[2026-01-04 13:21:45] [INFO] [Build] [INFO] ========================================
[2026-01-04 13:21:45] [INFO] [Build] [INFO] Starting Hugo Development Server
[2026-01-04 13:21:45] [INFO] [Build] [INFO] ========================================
[2026-01-04 13:21:45] [INFO] [Build] [INFO] Port: 1313
[2026-01-04 13:21:45] [INFO] [Build] [INFO] Bind: 0.0.0.0
[2026-01-04 13:21:45] [INFO] [Build] [INFO] Drafts: Enabled
[2026-01-04 13:21:45] [INFO] [Build] [INFO] 
[2026-01-04 13:21:45] [INFO] [Build] [INFO] Server starting...
[2026-01-04 13:21:45] [INFO] [Build] [INFO] URL: http://0.0.0.0:1313
[2026-01-04 13:21:45] [INFO] [Build] [INFO] 
[2026-01-04 13:21:45] [INFO] [Build] [INFO] Press Ctrl+C to stop
[2026-01-04 13:21:45] [INFO] [Build] [INFO] ========================================
[2026-01-04 13:21:45] [INFO] [Build] [INFO] 
[2026-01-04 13:28:18] [INFO] [Build] [INFO] ========================================
[2026-01-04 13:28:18] [INFO] [Build] [INFO] Starting Hugo Development Server
[2026-01-04 13:28:18] [INFO] [Build] [INFO] ========================================
[2026-01-04 13:28:18] [INFO] [Build] [INFO] Port: 1313
[2026-01-04 13:28:18] [INFO] [Build] [INFO] Bind: 0.0.0.0
[2026-01-04 13:28:18] [INFO] [Build] [INFO] Drafts: Enabled
[2026-01-04 13:28:18] [INFO] [Build] [INFO] 
[2026-01-04 13:28:18] [INFO] [Build] [INFO] Server starting...
[2026-01-04 13:28:18] [INFO] [Build] [INFO] URL: http://0.0.0.0:1313
[2026-01-04 13:28:18] [INFO] [Build] [INFO] 
[2026-01-04 13:28:18] [INFO] [Build] [INFO] Press Ctrl+C to stop
[2026-01-04 13:28:18] [INFO] [Build] [INFO] ========================================
[2026-01-04 13:28:18] [INFO] [Build] [INFO] 
[2026-01-04 13:28:21] [INFO] [Build] [INFO] ========================================
[2026-01-04 13:28:21] [INFO] [Build] [INFO] Starting Hugo Development Server
[2026-01-04 13:28:21] [INFO] [Build] [INFO] ========================================
[2026-01-04 13:28:21] [INFO] [Build] [INFO] Port: 1313
[2026-01-04 13:28:21] [INFO] [Build] [INFO] Bind: 0.0.0.0
[2026-01-04 13:28:21] [INFO] [Build] [INFO] Drafts: Enabled
[2026-01-04 13:28:21] [INFO] [Build] [INFO] 
[2026-01-04 13:28:21] [INFO] [Build] [INFO] Server starting...
[2026-01-04 13:28:21] [INFO] [Build] [INFO] URL: http://0.0.0.0:1313
[2026-01-04 13:28:21] [INFO] [Build] [INFO] 
[2026-01-04 13:28:21] [INFO] [Build] [INFO] Press Ctrl+C to stop
[2026-01-04 13:28:21] [INFO] [Build] [INFO] ========================================
[2026-01-04 13:28:21] [INFO] [Build] [INFO] 
[2026-01-04 13:39:21] [INFO] [Build] [INFO] ========================================
[2026-01-04 13:39:21] [INFO] [Build] [INFO] Starting Hugo Development Server
[2026-01-04 13:39:21] [INFO] [Build] [INFO] ========================================
[2026-01-04 13:39:21] [INFO] [Build] [INFO] Port: 1313
[2026-01-04 13:39:21] [INFO] [Build] [INFO] Bind: 0.0.0.0
[2026-01-04 13:39:21] [INFO] [Build] [INFO] Drafts: Enabled
[2026-01-04 13:39:21] [INFO] [Build] [INFO] 
[2026-01-04 13:39:21] [INFO] [Build] [INFO] Server starting...
[2026-01-04 13:39:21] [INFO] [Build] [INFO] URL: http://0.0.0.0:1313
[2026-01-04 13:39:21] [INFO] [Build] [INFO] 
[2026-01-04 13:39:21] [INFO] [Build] [INFO] Press Ctrl+C to stop
[2026-01-04 13:39:21] [INFO] [Build] [INFO] ========================================
[2026-01-04 13:39:21] [INFO] [Build] [INFO] 
[2026-01-04 13:39:38] [INFO] [Build] [INFO] ========================================
[2026-01-04 13:39:38] [INFO] [Build] [INFO] Starting Hugo Development Server
[2026-01-04 13:39:38] [INFO] [Build] [INFO] ========================================
[2026-01-04 13:39:38] [INFO] [Build] [INFO] Port: 1313
[2026-01-04 13:39:38] [INFO] [Build] [INFO] Bind: 0.0.0.0
[2026-01-04 13:39:38] [INFO] [Build] [INFO] Drafts: Enabled
[2026-01-04 13:39:38] [INFO] [Build] [INFO] 
[2026-01-04 13:39:38] [INFO] [Build] [INFO] Server starting...
[2026-01-04 13:39:38] [INFO] [Build] [INFO] URL: http://0.0.0.0:1313
[2026-01-04 13:39:38] [INFO] [Build] [INFO] 
[2026-01-04 13:39:38] [INFO] [Build] [INFO] Press Ctrl+C to stop
[2026-01-04 13:39:38] [INFO] [Build] [INFO] ========================================
[2026-01-04 13:39:38] [INFO] [Build] [INFO] 
[2026-01-04 13:39:42] [INFO] [Build] [INFO] ========================================
[2026-01-04 13:39:42] [INFO] [Build] [INFO] Starting Hugo Development Server
[2026-01-04 13:39:42] [INFO] [Build] [INFO] ========================================
[2026-01-04 13:39:42] [INFO] [Build] [INFO] Port: 1313
[2026-01-04 13:39:42] [INFO] [Build] [INFO] Bind: 0.0.0.0
[2026-01-04 13:39:42] [INFO] [Build] [INFO] Drafts: Enabled
[2026-01-04 13:39:42] [INFO] [Build] [INFO] 
[2026-01-04 13:39:42] [INFO] [Build] [INFO] Server starting...
[2026-01-04 13:39:42] [INFO] [Build] [INFO] URL: http://0.0.0.0:1313
[2026-01-04 13:39:42] [INFO] [Build] [INFO] 
[2026-01-04 13:39:42] [INFO] [Build] [INFO] Press Ctrl+C to stop
[2026-01-04 13:39:42] [INFO] [Build] [INFO] ========================================
[2026-01-04 13:39:42] [INFO] [Build] [INFO] 
